2026/05/18 11:42:59 Warning: failed to initialize S3 uploader: Endpoint url cannot have fully qualified paths.
[GIN-debug] [WARNING] Creating an Engine instance with the Logger and Recovery middleware already attached.

[GIN-debug] [WARNING] Running in "debug" mode. Switch to "release" mode in production.
 - using env:	export GIN_MODE=release
 - using code:	gin.SetMode(gin.ReleaseMode)

[GIN-debug] GET    /health                   --> main.main.func1 (4 handlers)
[GIN-debug] POST   /api/v1/auth/register     --> github.com/ardiputra/laundry-pos/internal/handler.(*AuthHandler).Register-fm (4 handlers)
[GIN-debug] POST   /api/v1/auth/login        --> github.com/ardiputra/laundry-pos/internal/handler.(*AuthHandler).Login-fm (4 handlers)
[GIN-debug] POST   /api/v1/auth/refresh      --> github.com/ardiputra/laundry-pos/internal/handler.(*AuthHandler).RefreshToken-fm (4 handlers)
[GIN-debug] POST   /api/v1/auth/logout       --> github.com/ardiputra/laundry-pos/internal/handler.(*AuthHandler).Logout-fm (5 handlers)
[GIN-debug] GET    /api/v1/auth/me           --> github.com/ardiputra/laundry-pos/internal/handler.(*AuthHandler).GetMe-fm (5 handlers)
[GIN-debug] GET    /api/v1/profile           --> github.com/ardiputra/laundry-pos/internal/handler.(*AuthHandler).GetProfile-fm (5 handlers)
[GIN-debug] POST   /api/v1/services/categories --> github.com/ardiputra/laundry-pos/internal/handler.(*ServiceHandler).CreateCategory-fm (5 handlers)
[GIN-debug] GET    /api/v1/services/categories --> github.com/ardiputra/laundry-pos/internal/handler.(*ServiceHandler).ListCategories-fm (5 handlers)
[GIN-debug] POST   /api/v1/services          --> github.com/ardiputra/laundry-pos/internal/handler.(*ServiceHandler).CreateService-fm (5 handlers)
[GIN-debug] GET    /api/v1/services          --> github.com/ardiputra/laundry-pos/internal/handler.(*ServiceHandler).ListServices-fm (5 handlers)
[GIN-debug] PUT    /api/v1/services/:id      --> github.com/ardiputra/laundry-pos/internal/handler.(*ServiceHandler).UpdateService-fm (5 handlers)
[GIN-debug] POST   /api/v1/customers         --> github.com/ardiputra/laundry-pos/internal/handler.(*CustomerHandler).Create-fm (5 handlers)
[GIN-debug] GET    /api/v1/customers         --> github.com/ardiputra/laundry-pos/internal/handler.(*CustomerHandler).List-fm (5 handlers)
[GIN-debug] GET    /api/v1/customers/:id     --> github.com/ardiputra/laundry-pos/internal/handler.(*CustomerHandler).GetByID-fm (5 handlers)
[GIN-debug] PUT    /api/v1/customers/:id     --> github.com/ardiputra/laundry-pos/internal/handler.(*CustomerHandler).Update-fm (5 handlers)
[GIN-debug] GET    /api/v1/customers/search/phone --> github.com/ardiputra/laundry-pos/internal/handler.(*CustomerHandler).FindByPhone-fm (5 handlers)
[GIN-debug] POST   /api/v1/orders            --> github.com/ardiputra/laundry-pos/internal/handler.(*OrderHandler).CreateOrder-fm (5 handlers)
[GIN-debug] GET    /api/v1/orders            --> github.com/ardiputra/laundry-pos/internal/handler.(*OrderHandler).ListOrders-fm (5 handlers)
[GIN-debug] GET    /api/v1/orders/:id        --> github.com/ardiputra/laundry-pos/internal/handler.(*OrderHandler).GetOrder-fm (5 handlers)
[GIN-debug] PUT    /api/v1/orders/:id/status --> github.com/ardiputra/laundry-pos/internal/handler.(*OrderHandler).UpdateStatus-fm (5 handlers)
[GIN-debug] POST   /api/v1/orders/:id/payment --> github.com/ardiputra/laundry-pos/internal/handler.(*OrderHandler).ProcessPayment-fm (5 handlers)
[GIN-debug] GET    /api/v1/subscription      --> github.com/ardiputra/laundry-pos/internal/handler.(*SubscriptionHandler).GetCompanySubscription-fm (5 handlers)
[GIN-debug] POST   /api/v1/subscription/change-plan --> github.com/ardiputra/laundry-pos/internal/handler.(*SubscriptionHandler).ChangePlan-fm (5 handlers)
[GIN-debug] POST   /api/v1/subscription/cancel --> github.com/ardiputra/laundry-pos/internal/handler.(*SubscriptionHandler).CancelSubscription-fm (5 handlers)
[GIN-debug] GET    /api/v1/branches          --> github.com/ardiputra/laundry-pos/internal/handler.(*BranchHandler).List-fm (5 handlers)
[GIN-debug] POST   /api/v1/branches          --> github.com/ardiputra/laundry-pos/internal/handler.(*BranchHandler).Create-fm (5 handlers)
[GIN-debug] GET    /api/v1/branches/:id      --> github.com/ardiputra/laundry-pos/internal/handler.(*BranchHandler).GetByID-fm (5 handlers)
[GIN-debug] PUT    /api/v1/branches/:id      --> github.com/ardiputra/laundry-pos/internal/handler.(*BranchHandler).Update-fm (5 handlers)
[GIN-debug] DELETE /api/v1/branches/:id      --> github.com/ardiputra/laundry-pos/internal/handler.(*BranchHandler).Delete-fm (5 handlers)
[GIN-debug] GET    /api/v1/outlets           --> github.com/ardiputra/laundry-pos/internal/handler.(*OutletHandler).List-fm (5 handlers)
[GIN-debug] POST   /api/v1/outlets           --> github.com/ardiputra/laundry-pos/internal/handler.(*OutletHandler).Create-fm (5 handlers)
[GIN-debug] GET    /api/v1/outlets/:id       --> github.com/ardiputra/laundry-pos/internal/handler.(*OutletHandler).GetByID-fm (5 handlers)
[GIN-debug] PUT    /api/v1/outlets/:id       --> github.com/ardiputra/laundry-pos/internal/handler.(*OutletHandler).Update-fm (5 handlers)
[GIN-debug] DELETE /api/v1/outlets/:id       --> github.com/ardiputra/laundry-pos/internal/handler.(*OutletHandler).Delete-fm (5 handlers)
[GIN-debug] GET    /api/v1/employees         --> github.com/ardiputra/laundry-pos/internal/handler.(*EmployeeHandler).List-fm (5 handlers)
[GIN-debug] POST   /api/v1/employees         --> github.com/ardiputra/laundry-pos/internal/handler.(*EmployeeHandler).Create-fm (5 handlers)
[GIN-debug] GET    /api/v1/employees/:id     --> github.com/ardiputra/laundry-pos/internal/handler.(*EmployeeHandler).GetByID-fm (5 handlers)
[GIN-debug] PUT    /api/v1/employees/:id     --> github.com/ardiputra/laundry-pos/internal/handler.(*EmployeeHandler).Update-fm (5 handlers)
[GIN-debug] DELETE /api/v1/employees/:id     --> github.com/ardiputra/laundry-pos/internal/handler.(*EmployeeHandler).Delete-fm (5 handlers)
[GIN-debug] POST   /api/v1/devices/register  --> github.com/ardiputra/laundry-pos/internal/handler.(*DeviceHandler).Register-fm (5 handlers)
[GIN-debug] GET    /api/v1/devices           --> github.com/ardiputra/laundry-pos/internal/handler.(*DeviceHandler).List-fm (5 handlers)
[GIN-debug] PUT    /api/v1/devices/:id/deactivate --> github.com/ardiputra/laundry-pos/internal/handler.(*DeviceHandler).Deactivate-fm (5 handlers)
[GIN-debug] GET    /api/v1/notifications     --> github.com/ardiputra/laundry-pos/internal/handler.(*NotificationHandler).List-fm (5 handlers)
[GIN-debug] GET    /api/v1/notifications/unread --> github.com/ardiputra/laundry-pos/internal/handler.(*NotificationHandler).GetUnread-fm (5 handlers)
[GIN-debug] PUT    /api/v1/notifications/:id/read --> github.com/ardiputra/laundry-pos/internal/handler.(*NotificationHandler).MarkAsRead-fm (5 handlers)
[GIN-debug] PUT    /api/v1/notifications/read-all --> github.com/ardiputra/laundry-pos/internal/handler.(*NotificationHandler).MarkAllAsRead-fm (5 handlers)
[GIN-debug] GET    /api/v1/notifications/count-unread --> github.com/ardiputra/laundry-pos/internal/handler.(*NotificationHandler).CountUnread-fm (5 handlers)
[GIN-debug] GET    /api/v1/ws                --> github.com/ardiputra/laundry-pos/internal/handler.(*WebSocketHandler).ServeWS-fm (5 handlers)
[GIN-debug] GET    /api/v1/superadmin/companies --> github.com/ardiputra/laundry-pos/internal/handler.(*SuperadminHandler).ListCompanies-fm (6 handlers)
[GIN-debug] GET    /api/v1/superadmin/companies/:id --> github.com/ardiputra/laundry-pos/internal/handler.(*SuperadminHandler).GetCompanyDetail-fm (6 handlers)
[GIN-debug] PUT    /api/v1/superadmin/companies/:id/suspend --> github.com/ardiputra/laundry-pos/internal/handler.(*SuperadminHandler).SuspendCompany-fm (6 handlers)
[GIN-debug] PUT    /api/v1/superadmin/companies/:id/activate --> github.com/ardiputra/laundry-pos/internal/handler.(*SuperadminHandler).ActivateCompany-fm (6 handlers)
[GIN-debug] GET    /api/v1/superadmin/dashboard/stats --> github.com/ardiputra/laundry-pos/internal/handler.(*SuperadminHandler).GetDashboardStats-fm (6 handlers)
[GIN-debug] GET    /api/v1/superadmin/system/health --> github.com/ardiputra/laundry-pos/internal/handler.(*SuperadminHandler).GetSystemHealth-fm (6 handlers)
[GIN-debug] POST   /api/v1/superadmin/plans  --> github.com/ardiputra/laundry-pos/internal/handler.(*SubscriptionHandler).CreatePlan-fm (6 handlers)
[GIN-debug] PUT    /api/v1/superadmin/plans/:id --> github.com/ardiputra/laundry-pos/internal/handler.(*SubscriptionHandler).UpdatePlan-fm (6 handlers)
[GIN-debug] DELETE /api/v1/superadmin/plans/:id --> github.com/ardiputra/laundry-pos/internal/handler.(*SubscriptionHandler).DeletePlan-fm (6 handlers)
[GIN-debug] GET    /api/v1/superadmin/plans  --> github.com/ardiputra/laundry-pos/internal/handler.(*SubscriptionHandler).ListPlans-fm (6 handlers)
[GIN-debug] POST   /api/v1/payments/webhook  --> github.com/ardiputra/laundry-pos/internal/handler.(*PaymentHandler).HandleMidtransWebhook-fm (4 handlers)
[GIN-debug] GET    /api/v1/plans             --> github.com/ardiputra/laundry-pos/internal/handler.(*SubscriptionHandler).ListActivePlans-fm (4 handlers)
2026/05/18 11:42:59 Server starting on :8080
[GIN-debug] [WARNING] You trusted all proxies, this is NOT safe. We recommend you to set a value.
Please check https://pkg.go.dev/github.com/gin-gonic/gin#readme-don-t-trust-all-proxies for details.
[GIN-debug] Listening and serving HTTP on :8080
